2025-12-20T09:42:33.495Z - Upload request received
2025-12-20T09:42:33.504Z - File received: logo (2).png, Size: 60443, Type: image/png
2025-12-20T09:42:33.505Z - Starting Cloudinary upload...
2025-12-20T09:42:35.231Z - Upload successful: https://res.cloudinary.com/dpdl6z0hu/image/upload/v1766223754/ayurvedik-products/bowtr5gq36xz66k4c5bp.png
2025-12-20T09:44:36.784Z - Upload request received
2025-12-20T09:44:36.785Z - File received: download.png, Size: 3868, Type: image/png
2025-12-20T09:44:36.787Z - Starting Cloudinary upload...
2025-12-20T09:44:38.001Z - Upload successful: https://res.cloudinary.com/dpdl6z0hu/image/upload/v1766223877/ayurvedik-products/pfg8bfgoljwhnc9dekaq.png
2025-12-20T09:52:37.994Z - Upload request received
2025-12-20T09:52:38.010Z - File received: sarvam  2 (1).png, Size: 1364744, Type: image/png
2025-12-20T09:52:38.015Z - Starting Cloudinary upload...
2025-12-20T09:52:41.121Z - Upload successful: https://res.cloudinary.com/dpdl6z0hu/image/upload/v1766224360/ayurvedik-products/bh9vnox6fy3vjfp7xpaq.png
2025-12-20T10:10:33.613Z - Upload request received
2025-12-20T10:10:33.670Z - File received: test.jpg, Size: 19, Type: image/jpeg
2025-12-20T10:10:33.672Z - Starting Cloudinary upload...
2025-12-20T10:10:34.486Z - ERROR: [object Object]
2025-12-20T10:29:13.264Z - Upload request received
2025-12-20T10:29:13.312Z - File received: sarvam  3 (1).png, Size: 3891873, Type: image/png
2025-12-20T10:29:13.328Z - Starting Cloudinary upload...
2025-12-20T10:29:18.898Z - Upload successful: https://res.cloudinary.com/dpdl6z0hu/image/upload/v1766226558/ayurvedik-products/q5ka1v5pnlvznbflmlvu.png
2025-12-20T10:29:38.074Z - Upload request received
2025-12-20T10:29:38.082Z - File received: WhatsApp Image 2025-12-17 at 12.59.21 PM.jpeg, Size: 586216, Type: image/jpeg
2025-12-20T10:29:38.088Z - Starting Cloudinary upload...
2025-12-20T10:29:41.108Z - Upload successful: https://res.cloudinary.com/dpdl6z0hu/image/upload/v1766226580/ayurvedik-products/gu6gumwdwi8hjjeqjbas.jpg
